{"/Users/zhaocong/Documents/mini-vue/src/reactivity/mutableHandlers.js": {"path":"/Users/zhaocong/Documents/mini-vue/src/reactivity/mutableHandlers.js","statementMap":{"0":{"start":{"line":9,"column":27},"end":{"line":9,"column":44}},"1":{"start":{"line":11,"column":12},"end":{"line":11,"column":26}},"2":{"start":{"line":12,"column":12},"end":{"line":12,"column":26}},"3":{"start":{"line":15,"column":2},"end":{"line":26,"column":3}},"4":{"start":{"line":17,"column":16},"end":{"line":17,"column":50}},"5":{"start":{"line":20,"column":4},"end":{"line":20,"column":29}},"6":{"start":{"line":25,"column":4},"end":{"line":25,"column":14}},"7":{"start":{"line":29,"column":2},"end":{"line":36,"column":3}},"8":{"start":{"line":31,"column":19},"end":{"line":31,"column":60}},"9":{"start":{"line":33,"column":4},"end":{"line":33,"column":31}},"10":{"start":{"line":35,"column":4},"end":{"line":35,"column":17}},"11":{"start":{"line":39,"column":0},"end":{"line":44,"column":1}}},"fnMap":{"0":{"name":"createGetter","decl":{"start":{"line":14,"column":9},"end":{"line":14,"column":21}},"loc":{"start":{"line":14,"column":39},"end":{"line":27,"column":1}},"line":14},"1":{"name":"get","decl":{"start":{"line":15,"column":18},"end":{"line":15,"column":21}},"loc":{"start":{"line":15,"column":45},"end":{"line":26,"column":3}},"line":15},"2":{"name":"createSetter","decl":{"start":{"line":28,"column":9},"end":{"line":28,"column":21}},"loc":{"start":{"line":28,"column":24},"end":{"line":37,"column":1}},"line":28},"3":{"name":"set","decl":{"start":{"line":29,"column":18},"end":{"line":29,"column":21}},"loc":{"start":{"line":29,"column":52},"end":{"line":36,"column":3}},"line":29}},"branchMap":{"0":{"loc":{"start":{"line":14,"column":22},"end":{"line":14,"column":37}},"type":"default-arg","locations":[{"start":{"line":14,"column":32},"end":{"line":14,"column":37}}],"line":14}},"s":{"0":1,"1":1,"2":1,"3":1,"4":4,"5":4,"6":4,"7":1,"8":2,"9":2,"10":2,"11":1},"f":{"0":1,"1":4,"2":1,"3":2},"b":{"0":[1]},"_coverageSchema":"1a1c01bbd47fc00a2c39e90264f33305004495a9","hash":"36d4e177db504db541bbc07562011642e0ff9b60"}
,"/Users/zhaocong/Documents/mini-vue/src/reactivity/reactive.js": {"path":"/Users/zhaocong/Documents/mini-vue/src/reactivity/reactive.js","statementMap":{"0":{"start":{"line":7,"column":26},"end":{"line":7,"column":54}},"1":{"start":{"line":8,"column":18},"end":{"line":10,"column":1}},"2":{"start":{"line":9,"column":2},"end":{"line":9,"column":42}},"3":{"start":{"line":11,"column":0},"end":{"line":11,"column":27}}},"fnMap":{"0":{"name":"(anonymous_0)","decl":{"start":{"line":8,"column":18},"end":{"line":8,"column":19}},"loc":{"start":{"line":8,"column":34},"end":{"line":10,"column":1}},"line":8}},"branchMap":{},"s":{"0":1,"1":1,"2":1,"3":1},"f":{"0":1},"b":{},"_coverageSchema":"1a1c01bbd47fc00a2c39e90264f33305004495a9","hash":"4025ded4f69d95c32d038ebf23d8f73ef1fecc41"}
,"/Users/zhaocong/Documents/mini-vue/src/reactivity/util.js": {"path":"/Users/zhaocong/Documents/mini-vue/src/reactivity/util.js","statementMap":{"0":{"start":{"line":19,"column":18},"end":{"line":19,"column":31}},"1":{"start":{"line":20,"column":19},"end":{"line":20,"column":23}},"2":{"start":{"line":23,"column":16},"end":{"line":23,"column":37}},"3":{"start":{"line":24,"column":2},"end":{"line":26,"column":3}},"4":{"start":{"line":25,"column":4},"end":{"line":25,"column":48}},"5":{"start":{"line":27,"column":13},"end":{"line":27,"column":29}},"6":{"start":{"line":28,"column":2},"end":{"line":30,"column":3}},"7":{"start":{"line":29,"column":4},"end":{"line":29,"column":20}},"8":{"start":{"line":31,"column":2},"end":{"line":33,"column":3}},"9":{"start":{"line":32,"column":4},"end":{"line":32,"column":26}},"10":{"start":{"line":34,"column":2},"end":{"line":34,"column":24}},"11":{"start":{"line":38,"column":15},"end":{"line":38,"column":46}},"12":{"start":{"line":39,"column":2},"end":{"line":48,"column":3}},"13":{"start":{"line":40,"column":4},"end":{"line":47,"column":6}},"14":{"start":{"line":42,"column":6},"end":{"line":46,"column":7}},"15":{"start":{"line":43,"column":8},"end":{"line":43,"column":28}},"16":{"start":{"line":45,"column":8},"end":{"line":45,"column":18}},"17":{"start":{"line":53,"column":19},"end":{"line":61,"column":3}},"18":{"start":{"line":54,"column":4},"end":{"line":59,"column":5}},"19":{"start":{"line":55,"column":6},"end":{"line":55,"column":29}},"20":{"start":{"line":56,"column":6},"end":{"line":56,"column":17}},"21":{"start":{"line":58,"column":6},"end":{"line":58,"column":25}},"22":{"start":{"line":63,"column":2},"end":{"line":65,"column":3}},"23":{"start":{"line":64,"column":4},"end":{"line":64,"column":14}},"24":{"start":{"line":67,"column":2},"end":{"line":67,"column":40}},"25":{"start":{"line":68,"column":2},"end":{"line":68,"column":17}},"26":{"start":{"line":71,"column":0},"end":{"line":76,"column":1}}},"fnMap":{"0":{"name":"track","decl":{"start":{"line":21,"column":9},"end":{"line":21,"column":14}},"loc":{"start":{"line":21,"column":34},"end":{"line":35,"column":1}},"line":21},"1":{"name":"trigger","decl":{"start":{"line":37,"column":9},"end":{"line":37,"column":16}},"loc":{"start":{"line":37,"column":36},"end":{"line":49,"column":1}},"line":37},"2":{"name":"(anonymous_2)","decl":{"start":{"line":40,"column":17},"end":{"line":40,"column":18}},"loc":{"start":{"line":40,"column":29},"end":{"line":47,"column":5}},"line":40},"3":{"name":"effect","decl":{"start":{"line":51,"column":9},"end":{"line":51,"column":15}},"loc":{"start":{"line":51,"column":34},"end":{"line":69,"column":1}},"line":51},"4":{"name":"(anonymous_4)","decl":{"start":{"line":53,"column":19},"end":{"line":53,"column":20}},"loc":{"start":{"line":53,"column":25},"end":{"line":61,"column":3}},"line":53}},"branchMap":{"0":{"loc":{"start":{"line":24,"column":2},"end":{"line":26,"column":3}},"type":"if","locations":[{"start":{"line":24,"column":2},"end":{"line":26,"column":3}},{"start":{},"end":{}}],"line":24},"1":{"loc":{"start":{"line":28,"column":2},"end":{"line":30,"column":3}},"type":"if","locations":[{"start":{"line":28,"column":2},"end":{"line":30,"column":3}},{"start":{},"end":{}}],"line":28},"2":{"loc":{"start":{"line":31,"column":2},"end":{"line":33,"column":3}},"type":"if","locations":[{"start":{"line":31,"column":2},"end":{"line":33,"column":3}},{"start":{},"end":{}}],"line":31},"3":{"loc":{"start":{"line":31,"column":6},"end":{"line":31,"column":45}},"type":"binary-expr","locations":[{"start":{"line":31,"column":6},"end":{"line":31,"column":29}},{"start":{"line":31,"column":33},"end":{"line":31,"column":45}}],"line":31},"4":{"loc":{"start":{"line":39,"column":2},"end":{"line":48,"column":3}},"type":"if","locations":[{"start":{"line":39,"column":2},"end":{"line":48,"column":3}},{"start":{},"end":{}}],"line":39},"5":{"loc":{"start":{"line":42,"column":6},"end":{"line":46,"column":7}},"type":"if","locations":[{"start":{"line":42,"column":6},"end":{"line":46,"column":7}},{"start":{"line":44,"column":13},"end":{"line":46,"column":7}}],"line":42},"6":{"loc":{"start":{"line":51,"column":20},"end":{"line":51,"column":32}},"type":"default-arg","locations":[{"start":{"line":51,"column":30},"end":{"line":51,"column":32}}],"line":51},"7":{"loc":{"start":{"line":63,"column":2},"end":{"line":65,"column":3}},"type":"if","locations":[{"start":{"line":63,"column":2},"end":{"line":65,"column":3}},{"start":{},"end":{}}],"line":63}},"s":{"0":1,"1":1,"2":4,"3":4,"4":1,"5":4,"6":4,"7":1,"8":4,"9":1,"10":4,"11":2,"12":2,"13":2,"14":2,"15":0,"16":2,"17":1,"18":3,"19":3,"20":3,"21":3,"22":1,"23":1,"24":1,"25":1,"26":1},"f":{"0":4,"1":2,"2":2,"3":1,"4":3},"b":{"0":[1,3],"1":[1,3],"2":[1,3],"3":[4,2],"4":[2,0],"5":[0,2],"6":[1],"7":[1,0]},"_coverageSchema":"1a1c01bbd47fc00a2c39e90264f33305004495a9","hash":"b7509ca6e1abc5373b0bd2426b3601f0bbebe371"}
}
